<?xml version="1.0" encoding="UTF-8"?>
<!-- Generated by org.testng.reporters.JUnitReportReporter -->
<testsuite hostname="DESKTOP-UHB9FFT" failures="0" tests="2" name="api_tests.PetStoreTests" time="3.471" errors="0" timestamp="2023-09-26T11:17:21 EDT" skipped="0">
  <testcase classname="api_tests.PetStoreTests" name="findaPetById_chainValidation" time="0.357"/>
  <system-out/>
  <testcase classname="api_tests.PetStoreTests" name="createApet_Post" time="3.114"/>
  <system-out/>
</testsuite> <!-- api_tests.PetStoreTests -->
